# JRE version: OpenJDK Runtime Environment Temurin-21.0.10+7 (21.0.10+7) (build 21.0.10+7-LTS)
# Java VM: OpenJDK 64-Bit Server VM Temurin-21.0.10+7 (21.0.10+7-LTS, mixed mode, sharing, tiered, compressed oops, compressed class ptrs, parallel gc, windows-amd64)
GC Precious Log:
 CardTable entry size: 512
 CPUs: 4 total, 4 available
 Memory: 12180M
 Large Page Support: Disabled
 NUMA Support: Disabled
 Compressed Oops: Enabled (32-bit)
 Alignments: Space 512K, Generation 512K, Heap 2M
 Heap Min Capacity: 100M
 Heap Initial Capacity: 100M
 Heap Max Capacity: 2G
 Pre-touch: Disabled
 Parallel Workers: 4
Heap:
 PSYoungGen      total 7680K, used 4631K [0x00000000d5580000, 0x00000000d6400000, 0x0000000100000000)
  eden space 6656K, 54% used [0x00000000d5580000,0x00000000d590df48,0x00000000d5c00000)
  from space 1024K, 96% used [0x00000000d5d80000,0x00000000d5e78020,0x00000000d5e80000)
  to   space 4096K, 0% used [0x00000000d6000000,0x00000000d6000000,0x00000000d6400000)
 ParOldGen       total 482304K, used 481071K [0x0000000080000000, 0x000000009d700000, 0x00000000d5580000)
  object space 482304K, 99% used [0x0000000080000000,0x000000009d5cbe90,0x000000009d700000)
 Metaspace       used 87549K, committed 89600K, reserved 1179648K
  class space    used 8637K, committed 9600K, reserved 1048576K
GC Heap History (20 events):
Event: 2385.442 GC heap before
{Heap before GC invocations=2847 (full 6):
 PSYoungGen      total 8704K, used 7932K [0x00000000d5580000, 0x00000000d6a80000, 0x0000000100000000)
  eden space 5120K, 84% used [0x00000000d5580000,0x00000000d59bf278,0x00000000d5a80000)
  from space 3584K, 100% used [0x00000000d5b00000,0x00000000d5e80000,0x00000000d5e80000)
  to   space 8192K, 0% used [0x00000000d6280000,0x00000000d6280000,0x00000000d6a80000)
 ParOldGen       total 447488K, used 447007K [0x0000000080000000, 0x000000009b500000, 0x00000000d5580000)
  object space 447488K, 99% used [0x0000000080000000,0x000000009b487f30,0x000000009b500000)
 Metaspace       used 87485K, committed 89536K, reserved 1179648K
  class space    used 8635K, committed 9600K, reserved 1048576K
}
Event: 2385.453 GC heap after
{Heap after GC invocations=2847 (full 6):
 PSYoungGen      total 9728K, used 3456K [0x00000000d5580000, 0x00000000d6600000, 0x0000000100000000)
  eden space 6144K, 0% used [0x00000000d5580000,0x00000000d5580000,0x00000000d5b80000)
  from space 3584K, 96% used [0x00000000d6280000,0x00000000d65e0000,0x00000000d6600000)
  to   space 5120K, 0% used [0x00000000d5c00000,0x00000000d5c00000,0x00000000d6100000)
 ParOldGen       total 451072K, used 450631K [0x0000000080000000, 0x000000009b880000, 0x00000000d5580000)
  object space 451072K, 99% used [0x0000000080000000,0x000000009b811f30,0x000000009b880000)
 Metaspace       used 87485K, committed 89536K, reserved 1179648K
  class space    used 8635K, committed 9600K, reserved 1048576K
}
Event: 2385.866 GC heap before
{Heap before GC invocations=2848 (full 6):
 PSYoungGen      total 9728K, used 9600K [0x00000000d5580000, 0x00000000d6600000, 0x0000000100000000)
  eden space 6144K, 100% used [0x00000000d5580000,0x00000000d5b80000,0x00000000d5b80000)
  from space 3584K, 96% used [0x00000000d6280000,0x00000000d65e0000,0x00000000d6600000)
  to   space 5120K, 0% used [0x00000000d5c00000,0x00000000d5c00000,0x00000000d6100000)
 ParOldGen       total 451072K, used 450631K [0x0000000080000000, 0x000000009b880000, 0x00000000d5580000)
  object space 451072K, 99% used [0x0000000080000000,0x000000009b811f30,0x000000009b880000)
 Metaspace       used 87485K, committed 89536K, reserved 1179648K
  class space    used 8635K, committed 9600K, reserved 1048576K
}
Event: 2385.878 GC heap after
{Heap after GC invocations=2848 (full 6):
 PSYoungGen      total 9728K, used 2592K [0x00000000d5580000, 0x00000000d6400000, 0x0000000100000000)
  eden space 6656K, 0% used [0x00000000d5580000,0x00000000d5580000,0x00000000d5c00000)
  from space 3072K, 84% used [0x00000000d5c00000,0x00000000d5e88020,0x00000000d5f00000)
  to   space 3584K, 0% used [0x00000000d6080000,0x00000000d6080000,0x00000000d6400000)
 ParOldGen       total 453632K, used 453167K [0x0000000080000000, 0x000000009bb00000, 0x00000000d5580000)
  object space 453632K, 99% used [0x0000000080000000,0x000000009ba8bf30,0x000000009bb00000)
 Metaspace       used 87485K, committed 89536K, reserved 1179648K
  class space    used 8635K, committed 9600K, reserved 1048576K
}
Event: 2387.305 GC heap before
{Heap before GC invocations=2849 (full 6):
 PSYoungGen      total 9728K, used 9248K [0x00000000d5580000, 0x00000000d6400000, 0x0000000100000000)
  eden space 6656K, 100% used [0x00000000d5580000,0x00000000d5c00000,0x00000000d5c00000)
  from space 3072K, 84% used [0x00000000d5c00000,0x00000000d5e88020,0x00000000d5f00000)
  to   space 3584K, 0% used [0x00000000d6080000,0x00000000d6080000,0x00000000d6400000)
 ParOldGen       total 453632K, used 453167K [0x0000000080000000, 0x000000009bb00000, 0x00000000d5580000)
  object space 453632K, 99% used [0x0000000080000000,0x000000009ba8bf30,0x000000009bb00000)
 Metaspace       used 87500K, committed 89600K, reserved 1179648K
  class space    used 8636K, committed 9600K, reserved 1048576K
}
Event: 2387.311 GC heap after
{Heap after GC invocations=2849 (full 6):
 PSYoungGen      total 7680K, used 692K [0x00000000d5580000, 0x00000000d6180000, 0x0000000100000000)
  eden space 6656K, 0% used [0x00000000d5580000,0x00000000d5580000,0x00000000d5c00000)
  from space 1024K, 67% used [0x00000000d6080000,0x00000000d612d200,0x00000000d6180000)
  to   space 1536K, 0% used [0x00000000d5e80000,0x00000000d5e80000,0x00000000d6000000)
 ParOldGen       total 456192K, used 455674K [0x0000000080000000, 0x000000009bd80000, 0x00000000d5580000)
  object space 456192K, 99% used [0x0000000080000000,0x000000009bcfeb20,0x000000009bd80000)
 Metaspace       used 87500K, committed 89600K, reserved 1179648K
  class space    used 8636K, committed 9600K, reserved 1048576K
}
Event: 2387.341 GC heap before
{Heap before GC invocations=2850 (full 6):
 PSYoungGen      total 7680K, used 7342K [0x00000000d5580000, 0x00000000d6180000, 0x0000000100000000)
  eden space 6656K, 99% used [0x00000000d5580000,0x00000000d5bfe838,0x00000000d5c00000)
  from space 1024K, 67% used [0x00000000d6080000,0x00000000d612d200,0x00000000d6180000)
  to   space 1536K, 0% used [0x00000000d5e80000,0x00000000d5e80000,0x00000000d6000000)
 ParOldGen       total 456192K, used 455674K [0x0000000080000000, 0x000000009bd80000, 0x00000000d5580000)
  object space 456192K, 99% used [0x0000000080000000,0x000000009bcfeb20,0x000000009bd80000)
 Metaspace       used 87500K, committed 89600K, reserved 1179648K
  class space    used 8636K, committed 9600K, reserved 1048576K
}
Event: 2387.344 GC heap after
{Heap after GC invocations=2850 (full 6):
 PSYoungGen      total 8192K, used 612K [0x00000000d5580000, 0x00000000d6100000, 0x0000000100000000)
  eden space 6656K, 0% used [0x00000000d5580000,0x00000000d5580000,0x00000000d5c00000)
  from space 1536K, 39% used [0x00000000d5e80000,0x00000000d5f19210,0x00000000d6000000)
  to   space 1024K, 0% used [0x00000000d6000000,0x00000000d6000000,0x00000000d6100000)
 ParOldGen       total 456192K, used 456039K [0x0000000080000000, 0x000000009bd80000, 0x00000000d5580000)
  object space 456192K, 99% used [0x0000000080000000,0x000000009bd59cf0,0x000000009bd80000)
 Metaspace       used 87500K, committed 89600K, reserved 1179648K
  class space    used 8636K, committed 9600K, reserved 1048576K
}
Event: 2387.385 GC heap before
{Heap before GC invocations=2851 (full 6):
 PSYoungGen      total 8192K, used 7268K [0x00000000d5580000, 0x00000000d6100000, 0x0000000100000000)
  eden space 6656K, 100% used [0x00000000d5580000,0x00000000d5c00000,0x00000000d5c00000)
  from space 1536K, 39% used [0x00000000d5e80000,0x00000000d5f19210,0x00000000d6000000)
  to   space 1024K, 0% used [0x00000000d6000000,0x00000000d6000000,0x00000000d6100000)
 ParOldGen       total 456192K, used 456039K [0x0000000080000000, 0x000000009bd80000, 0x00000000d5580000)
  object space 456192K, 99% used [0x0000000080000000,0x000000009bd59cf0,0x000000009bd80000)
 Metaspace       used 87501K, committed 89600K, reserved 1179648K
  class space    used 8636K, committed 9600K, reserved 1048576K
}
Event: 2387.389 GC heap after
{Heap after GC invocations=2851 (full 6):
 PSYoungGen      total 7680K, used 816K [0x00000000d5580000, 0x00000000d6100000, 0x0000000100000000)
  eden space 6656K, 0% used [0x00000000d5580000,0x00000000d5580000,0x00000000d5c00000)
  from space 1024K, 79% used [0x00000000d6000000,0x00000000d60cc010,0x00000000d6100000)
  to   space 1024K, 0% used [0x00000000d5f00000,0x00000000d5f00000,0x00000000d6000000)
 ParOldGen       total 456704K, used 456619K [0x0000000080000000, 0x000000009be00000, 0x00000000d5580000)
  object space 456704K, 99% used [0x0000000080000000,0x000000009bdeaf10,0x000000009be00000)
 Metaspace       used 87501K, committed 89600K, reserved 1179648K
  class space    used 8636K, committed 9600K, reserved 1048576K
}
Event: 2387.513 GC heap before
{Heap before GC invocations=2852 (full 6):
 PSYoungGen      total 7680K, used 7472K [0x00000000d5580000, 0x00000000d6100000, 0x0000000100000000)
  eden space 6656K, 100% used [0x00000000d5580000,0x00000000d5c00000,0x00000000d5c00000)
  from space 1024K, 79% used [0x00000000d6000000,0x00000000d60cc010,0x00000000d6100000)
  to   space 1024K, 0% used [0x00000000d5f00000,0x00000000d5f00000,0x00000000d6000000)
 ParOldGen       total 456704K, used 456619K [0x0000000080000000, 0x000000009be00000, 0x00000000d5580000)
  object space 456704K, 99% used [0x0000000080000000,0x000000009bdeaf10,0x000000009be00000)
 Metaspace       used 87515K, committed 89600K, reserved 1179648K
  class space    used 8637K, committed 9600K, reserved 1048576K
}
Event: 2387.517 GC heap after
{Heap after GC invocations=2852 (full 6):
 PSYoungGen      total 7680K, used 996K [0x00000000d5580000, 0x00000000d6080000, 0x0000000100000000)
  eden space 6656K, 0% used [0x00000000d5580000,0x00000000d5580000,0x00000000d5c00000)
  from space 1024K, 97% used [0x00000000d5f00000,0x00000000d5ff9210,0x00000000d6000000)
  to   space 512K, 0% used [0x00000000d6000000,0x00000000d6000000,0x00000000d6080000)
 ParOldGen       total 457728K, used 457379K [0x0000000080000000, 0x000000009bf00000, 0x00000000d5580000)
  object space 457728K, 99% used [0x0000000080000000,0x000000009bea8f40,0x000000009bf00000)
 Metaspace       used 87515K, committed 89600K, reserved 1179648K
  class space    used 8637K, committed 9600K, reserved 1048576K
}
Event: 2387.548 GC heap before
{Heap before GC invocations=2853 (full 6):
 PSYoungGen      total 7680K, used 7652K [0x00000000d5580000, 0x00000000d6080000, 0x0000000100000000)
  eden space 6656K, 100% used [0x00000000d5580000,0x00000000d5c00000,0x00000000d5c00000)
  from space 1024K, 97% used [0x00000000d5f00000,0x00000000d5ff9210,0x00000000d6000000)
  to   space 512K, 0% used [0x00000000d6000000,0x00000000d6000000,0x00000000d6080000)
 ParOldGen       total 457728K, used 457379K [0x0000000080000000, 0x000000009bf00000, 0x00000000d5580000)
  object space 457728K, 99% used [0x0000000080000000,0x000000009bea8f40,0x000000009bf00000)
 Metaspace       used 87519K, committed 89600K, reserved 1179648K
  class space    used 8637K, committed 9600K, reserved 1048576K
}
Event: 2387.552 GC heap after
{Heap after GC invocations=2853 (full 6):
 PSYoungGen      total 7168K, used 496K [0x00000000d5580000, 0x00000000d6080000, 0x0000000100000000)
  eden space 6656K, 0% used [0x00000000d5580000,0x00000000d5580000,0x00000000d5c00000)
  from space 512K, 96% used [0x00000000d6000000,0x00000000d607c010,0x00000000d6080000)
  to   space 2048K, 0% used [0x00000000d5c80000,0x00000000d5c80000,0x00000000d5e80000)
 ParOldGen       total 458752K, used 458558K [0x0000000080000000, 0x000000009c000000, 0x00000000d5580000)
  object space 458752K, 99% used [0x0000000080000000,0x000000009bfcf8a0,0x000000009c000000)
 Metaspace       used 87519K, committed 89600K, reserved 1179648K
  class space    used 8637K, committed 9600K, reserved 1048576K
}
Event: 2387.579 GC heap before
{Heap before GC invocations=2854 (full 6):
 PSYoungGen      total 7168K, used 7152K [0x00000000d5580000, 0x00000000d6080000, 0x0000000100000000)
  eden space 6656K, 100% used [0x00000000d5580000,0x00000000d5c00000,0x00000000d5c00000)
  from space 512K, 96% used [0x00000000d6000000,0x00000000d607c010,0x00000000d6080000)
  to   space 2048K, 0% used [0x00000000d5c80000,0x00000000d5c80000,0x00000000d5e80000)
 ParOldGen       total 458752K, used 458558K [0x0000000080000000, 0x000000009c000000, 0x00000000d5580000)
  object space 458752K, 99% used [0x0000000080000000,0x000000009bfcf8a0,0x000000009c000000)
 Metaspace       used 87522K, committed 89600K, reserved 1179648K
  class space    used 8637K, committed 9600K, reserved 1048576K
}
Event: 2387.583 GC heap after
{Heap after GC invocations=2854 (full 6):
 PSYoungGen      total 8704K, used 772K [0x00000000d5580000, 0x00000000d6080000, 0x0000000100000000)
  eden space 6656K, 0% used [0x00000000d5580000,0x00000000d5580000,0x00000000d5c00000)
  from space 2048K, 37% used [0x00000000d5c80000,0x00000000d5d41210,0x00000000d5e80000)
  to   space 1536K, 0% used [0x00000000d5f00000,0x00000000d5f00000,0x00000000d6080000)
 ParOldGen       total 459264K, used 458990K [0x0000000080000000, 0x000000009c080000, 0x00000000d5580000)
  object space 459264K, 99% used [0x0000000080000000,0x000000009c03b8b0,0x000000009c080000)
 Metaspace       used 87522K, committed 89600K, reserved 1179648K
  class space    used 8637K, committed 9600K, reserved 1048576K
}
Event: 2387.656 GC heap before
{Heap before GC invocations=2855 (full 6):
 PSYoungGen      total 8704K, used 7428K [0x00000000d5580000, 0x00000000d6080000, 0x0000000100000000)
  eden space 6656K, 100% used [0x00000000d5580000,0x00000000d5c00000,0x00000000d5c00000)
  from space 2048K, 37% used [0x00000000d5c80000,0x00000000d5d41210,0x00000000d5e80000)
  to   space 1536K, 0% used [0x00000000d5f00000,0x00000000d5f00000,0x00000000d6080000)
 ParOldGen       total 459264K, used 458990K [0x0000000080000000, 0x000000009c080000, 0x00000000d5580000)
  object space 459264K, 99% used [0x0000000080000000,0x000000009c03b8b0,0x000000009c080000)
 Metaspace       used 87523K, committed 89600K, reserved 1179648K
  class space    used 8637K, committed 9600K, reserved 1048576K
}
Event: 2387.661 GC heap after
{Heap after GC invocations=2855 (full 6):
 PSYoungGen      total 7168K, used 480K [0x00000000d5580000, 0x00000000d5f80000, 0x0000000100000000)
  eden space 6656K, 0% used [0x00000000d5580000,0x00000000d5580000,0x00000000d5c00000)
  from space 512K, 93% used [0x00000000d5f00000,0x00000000d5f78000,0x00000000d5f80000)
  to   space 1024K, 0% used [0x00000000d5d80000,0x00000000d5d80000,0x00000000d5e80000)
 ParOldGen       total 459776K, used 459718K [0x0000000080000000, 0x000000009c100000, 0x00000000d5580000)
  object space 459776K, 99% used [0x0000000080000000,0x000000009c0f1940,0x000000009c100000)
 Metaspace       used 87523K, committed 89600K, reserved 1179648K
  class space    used 8637K, committed 9600K, reserved 1048576K
}
Event: 2387.925 GC heap before
{Heap before GC invocations=2856 (full 6):
 PSYoungGen      total 7168K, used 7136K [0x00000000d5580000, 0x00000000d5f80000, 0x0000000100000000)
  eden space 6656K, 100% used [0x00000000d5580000,0x00000000d5c00000,0x00000000d5c00000)
  from space 512K, 93% used [0x00000000d5f00000,0x00000000d5f78000,0x00000000d5f80000)
  to   space 1024K, 0% used [0x00000000d5d80000,0x00000000d5d80000,0x00000000d5e80000)
 ParOldGen       total 459776K, used 459718K [0x0000000080000000, 0x000000009c100000, 0x00000000d5580000)
  object space 459776K, 99% used [0x0000000080000000,0x000000009c0f1940,0x000000009c100000)
 Metaspace       used 87545K, committed 89600K, reserved 1179648K
  class space    used 8637K, committed 9600K, reserved 1048576K
}
Event: 2387.933 GC heap after
{Heap after GC invocations=2856 (full 6):
 PSYoungGen      total 7680K, used 992K [0x00000000d5580000, 0x00000000d6400000, 0x0000000100000000)
  eden space 6656K, 0% used [0x00000000d5580000,0x00000000d5580000,0x00000000d5c00000)
  from space 1024K, 96% used [0x00000000d5d80000,0x00000000d5e78020,0x00000000d5e80000)
  to   space 4096K, 0% used [0x00000000d6000000,0x00000000d6000000,0x00000000d6400000)
 ParOldGen       total 462336K, used 461871K [0x0000000080000000, 0x000000009c380000, 0x00000000d5580000)
  object space 462336K, 99% used [0x0000000080000000,0x000000009c30be70,0x000000009c380000)
 Metaspace       used 87545K, committed 89600K, reserved 1179648K
  class space    used 8637K, committed 9600K, reserved 1048576K
}

