# JRE version: OpenJDK Runtime Environment Temurin-21.0.10+7 (21.0.10+7) (build 21.0.10+7-LTS)
# Java VM: OpenJDK 64-Bit Server VM Temurin-21.0.10+7 (21.0.10+7-LTS, mixed mode, sharing, tiered, compressed oops, compressed class ptrs, parallel gc, windows-amd64)
GC Precious Log:
 CardTable entry size: 512
 CPUs: 4 total, 4 available
 Memory: 12180M
 Large Page Support: Disabled
 NUMA Support: Disabled
 Compressed Oops: Enabled (32-bit)
 Alignments: Space 512K, Generation 512K, Heap 2M
 Heap Min Capacity: 100M
 Heap Initial Capacity: 100M
 Heap Max Capacity: 2G
 Pre-touch: Disabled
 Parallel Workers: 4
Heap:
 PSYoungGen      total 22016K, used 7405K [0x00000000d5580000, 0x00000000d6f00000, 0x0000000100000000)
  eden space 20480K, 29% used [0x00000000d5580000,0x00000000d5b534a0,0x00000000d6980000)
  from space 1536K, 93% used [0x00000000d6a00000,0x00000000d6b68000,0x00000000d6b80000)
  to   space 2048K, 0% used [0x00000000d6d00000,0x00000000d6d00000,0x00000000d6f00000)
 ParOldGen       total 68608K, used 50430K [0x0000000080000000, 0x0000000084300000, 0x00000000d5580000)
  object space 68608K, 73% used [0x0000000080000000,0x000000008313f960,0x0000000084300000)
 Metaspace       used 58912K, committed 60288K, reserved 1114112K
  class space    used 6199K, committed 6784K, reserved 1048576K
GC Heap History (20 events):
Event: 58.737 GC heap before
{Heap before GC invocations=33 (full 2):
 PSYoungGen      total 20992K, used 20982K [0x00000000d5580000, 0x00000000d6e80000, 0x0000000100000000)
  eden space 20480K, 100% used [0x00000000d5580000,0x00000000d6980000,0x00000000d6980000)
  from space 512K, 98% used [0x00000000d6d00000,0x00000000d6d7d808,0x00000000d6d80000)
  to   space 2560K, 0% used [0x00000000d6980000,0x00000000d6980000,0x00000000d6c00000)
 ParOldGen       total 68608K, used 47475K [0x0000000080000000, 0x0000000084300000, 0x00000000d5580000)
  object space 68608K, 69% used [0x0000000080000000,0x0000000082e5cd70,0x0000000084300000)
 Metaspace       used 53475K, committed 54720K, reserved 1114112K
  class space    used 5743K, committed 6336K, reserved 1048576K
}
Event: 58.740 GC heap after
{Heap after GC invocations=33 (full 2):
 PSYoungGen      total 23040K, used 2554K [0x00000000d5580000, 0x00000000d7280000, 0x0000000100000000)
  eden space 20480K, 0% used [0x00000000d5580000,0x00000000d5580000,0x00000000d6980000)
  from space 2560K, 99% used [0x00000000d6980000,0x00000000d6bfebe0,0x00000000d6c00000)
  to   space 4608K, 0% used [0x00000000d6e00000,0x00000000d6e00000,0x00000000d7280000)
 ParOldGen       total 68608K, used 49104K [0x0000000080000000, 0x0000000084300000, 0x00000000d5580000)
  object space 68608K, 71% used [0x0000000080000000,0x0000000082ff4368,0x0000000084300000)
 Metaspace       used 53475K, committed 54720K, reserved 1114112K
  class space    used 5743K, committed 6336K, reserved 1048576K
}
Event: 59.742 GC heap before
{Heap before GC invocations=34 (full 2):
 PSYoungGen      total 23040K, used 23034K [0x00000000d5580000, 0x00000000d7280000, 0x0000000100000000)
  eden space 20480K, 100% used [0x00000000d5580000,0x00000000d6980000,0x00000000d6980000)
  from space 2560K, 99% used [0x00000000d6980000,0x00000000d6bfebe0,0x00000000d6c00000)
  to   space 4608K, 0% used [0x00000000d6e00000,0x00000000d6e00000,0x00000000d7280000)
 ParOldGen       total 68608K, used 49104K [0x0000000080000000, 0x0000000084300000, 0x00000000d5580000)
  object space 68608K, 71% used [0x0000000080000000,0x0000000082ff4368,0x0000000084300000)
 Metaspace       used 54981K, committed 56256K, reserved 1114112K
  class space    used 5878K, committed 6464K, reserved 1048576K
}
Event: 59.749 GC heap after
{Heap after GC invocations=34 (full 2):
 PSYoungGen      total 24576K, used 3611K [0x00000000d5580000, 0x00000000d7200000, 0x0000000100000000)
  eden space 20480K, 0% used [0x00000000d5580000,0x00000000d5580000,0x00000000d6980000)
  from space 4096K, 88% used [0x00000000d6e00000,0x00000000d7186e90,0x00000000d7200000)
  to   space 4096K, 0% used [0x00000000d6a00000,0x00000000d6a00000,0x00000000d6e00000)
 ParOldGen       total 68608K, used 51631K [0x0000000080000000, 0x0000000084300000, 0x00000000d5580000)
  object space 68608K, 75% used [0x0000000080000000,0x000000008326bf00,0x0000000084300000)
 Metaspace       used 54981K, committed 56256K, reserved 1114112K
  class space    used 5878K, committed 6464K, reserved 1048576K
}
Event: 60.318 GC heap before
{Heap before GC invocations=35 (full 2):
 PSYoungGen      total 24576K, used 24091K [0x00000000d5580000, 0x00000000d7200000, 0x0000000100000000)
  eden space 20480K, 100% used [0x00000000d5580000,0x00000000d6980000,0x00000000d6980000)
  from space 4096K, 88% used [0x00000000d6e00000,0x00000000d7186e90,0x00000000d7200000)
  to   space 4096K, 0% used [0x00000000d6a00000,0x00000000d6a00000,0x00000000d6e00000)
 ParOldGen       total 68608K, used 51631K [0x0000000080000000, 0x0000000084300000, 0x00000000d5580000)
  object space 68608K, 75% used [0x0000000080000000,0x000000008326bf00,0x0000000084300000)
 Metaspace       used 55363K, committed 56704K, reserved 1114112K
  class space    used 5909K, committed 6528K, reserved 1048576K
}
Event: 60.324 GC heap after
{Heap after GC invocations=35 (full 2):
 PSYoungGen      total 22528K, used 1679K [0x00000000d5580000, 0x00000000d6e80000, 0x0000000100000000)
  eden space 20480K, 0% used [0x00000000d5580000,0x00000000d5580000,0x00000000d6980000)
  from space 2048K, 82% used [0x00000000d6a00000,0x00000000d6ba3e50,0x00000000d6c00000)
  to   space 2560K, 0% used [0x00000000d6c00000,0x00000000d6c00000,0x00000000d6e80000)
 ParOldGen       total 68608K, used 54634K [0x0000000080000000, 0x0000000084300000, 0x00000000d5580000)
  object space 68608K, 79% used [0x0000000080000000,0x000000008355abc0,0x0000000084300000)
 Metaspace       used 55363K, committed 56704K, reserved 1114112K
  class space    used 5909K, committed 6528K, reserved 1048576K
}
Event: 60.830 GC heap before
{Heap before GC invocations=36 (full 2):
 PSYoungGen      total 22528K, used 22159K [0x00000000d5580000, 0x00000000d6e80000, 0x0000000100000000)
  eden space 20480K, 100% used [0x00000000d5580000,0x00000000d6980000,0x00000000d6980000)
  from space 2048K, 82% used [0x00000000d6a00000,0x00000000d6ba3e50,0x00000000d6c00000)
  to   space 2560K, 0% used [0x00000000d6c00000,0x00000000d6c00000,0x00000000d6e80000)
 ParOldGen       total 68608K, used 54634K [0x0000000080000000, 0x0000000084300000, 0x00000000d5580000)
  object space 68608K, 79% used [0x0000000080000000,0x000000008355abc0,0x0000000084300000)
 Metaspace       used 55929K, committed 57280K, reserved 1114112K
  class space    used 5957K, committed 6592K, reserved 1048576K
}
Event: 60.832 GC heap after
{Heap after GC invocations=36 (full 2):
 PSYoungGen      total 20992K, used 128K [0x00000000d5580000, 0x00000000d6c80000, 0x0000000100000000)
  eden space 20480K, 0% used [0x00000000d5580000,0x00000000d5580000,0x00000000d6980000)
  from space 512K, 25% used [0x00000000d6c00000,0x00000000d6c20000,0x00000000d6c80000)
  to   space 1024K, 0% used [0x00000000d6a80000,0x00000000d6a80000,0x00000000d6b80000)
 ParOldGen       total 68608K, used 54765K [0x0000000080000000, 0x0000000084300000, 0x00000000d5580000)
  object space 68608K, 79% used [0x0000000080000000,0x000000008357b700,0x0000000084300000)
 Metaspace       used 55929K, committed 57280K, reserved 1114112K
  class space    used 5957K, committed 6592K, reserved 1048576K
}
Event: 62.608 GC heap before
{Heap before GC invocations=37 (full 2):
 PSYoungGen      total 20992K, used 20608K [0x00000000d5580000, 0x00000000d6c80000, 0x0000000100000000)
  eden space 20480K, 100% used [0x00000000d5580000,0x00000000d6980000,0x00000000d6980000)
  from space 512K, 25% used [0x00000000d6c00000,0x00000000d6c20000,0x00000000d6c80000)
  to   space 1024K, 0% used [0x00000000d6a80000,0x00000000d6a80000,0x00000000d6b80000)
 ParOldGen       total 68608K, used 54765K [0x0000000080000000, 0x0000000084300000, 0x00000000d5580000)
  object space 68608K, 79% used [0x0000000080000000,0x000000008357b700,0x0000000084300000)
 Metaspace       used 57154K, committed 58432K, reserved 1114112K
  class space    used 6072K, committed 6656K, reserved 1048576K
}
Event: 62.616 GC heap after
{Heap after GC invocations=37 (full 2):
 PSYoungGen      total 21504K, used 993K [0x00000000d5580000, 0x00000000d7780000, 0x0000000100000000)
  eden space 20480K, 0% used [0x00000000d5580000,0x00000000d5580000,0x00000000d6980000)
  from space 1024K, 97% used [0x00000000d6a80000,0x00000000d6b786b0,0x00000000d6b80000)
  to   space 7168K, 0% used [0x00000000d7080000,0x00000000d7080000,0x00000000d7780000)
 ParOldGen       total 68608K, used 59676K [0x0000000080000000, 0x0000000084300000, 0x00000000d5580000)
  object space 68608K, 86% used [0x0000000080000000,0x0000000083a47110,0x0000000084300000)
 Metaspace       used 57154K, committed 58432K, reserved 1114112K
  class space    used 6072K, committed 6656K, reserved 1048576K
}
Event: 64.378 GC heap before
{Heap before GC invocations=38 (full 2):
 PSYoungGen      total 21504K, used 21473K [0x00000000d5580000, 0x00000000d7780000, 0x0000000100000000)
  eden space 20480K, 100% used [0x00000000d5580000,0x00000000d6980000,0x00000000d6980000)
  from space 1024K, 97% used [0x00000000d6a80000,0x00000000d6b786b0,0x00000000d6b80000)
  to   space 7168K, 0% used [0x00000000d7080000,0x00000000d7080000,0x00000000d7780000)
 ParOldGen       total 68608K, used 59676K [0x0000000080000000, 0x0000000084300000, 0x00000000d5580000)
  object space 68608K, 86% used [0x0000000080000000,0x0000000083a47110,0x0000000084300000)
 Metaspace       used 57400K, committed 58752K, reserved 1114112K
  class space    used 6095K, committed 6720K, reserved 1048576K
}
Event: 64.383 GC heap after
{Heap after GC invocations=38 (full 2):
 PSYoungGen      total 22016K, used 1216K [0x00000000d5580000, 0x00000000d7200000, 0x0000000100000000)
  eden space 20480K, 0% used [0x00000000d5580000,0x00000000d5580000,0x00000000d6980000)
  from space 1536K, 79% used [0x00000000d7080000,0x00000000d71b0000,0x00000000d7200000)
  to   space 3072K, 0% used [0x00000000d6c00000,0x00000000d6c00000,0x00000000d6f00000)
 ParOldGen       total 68608K, used 59732K [0x0000000080000000, 0x0000000084300000, 0x00000000d5580000)
  object space 68608K, 87% used [0x0000000080000000,0x0000000083a55110,0x0000000084300000)
 Metaspace       used 57400K, committed 58752K, reserved 1114112K
  class space    used 6095K, committed 6720K, reserved 1048576K
}
Event: 73.268 GC heap before
{Heap before GC invocations=39 (full 2):
 PSYoungGen      total 22016K, used 20790K [0x00000000d5580000, 0x00000000d7200000, 0x0000000100000000)
  eden space 20480K, 95% used [0x00000000d5580000,0x00000000d689d810,0x00000000d6980000)
  from space 1536K, 79% used [0x00000000d7080000,0x00000000d71b0000,0x00000000d7200000)
  to   space 3072K, 0% used [0x00000000d6c00000,0x00000000d6c00000,0x00000000d6f00000)
 ParOldGen       total 68608K, used 59732K [0x0000000080000000, 0x0000000084300000, 0x00000000d5580000)
  object space 68608K, 87% used [0x0000000080000000,0x0000000083a55110,0x0000000084300000)
 Metaspace       used 58498K, committed 59776K, reserved 1114112K
  class space    used 6194K, committed 6784K, reserved 1048576K
}
Event: 73.275 GC heap after
{Heap after GC invocations=39 (full 2):
 PSYoungGen      total 23040K, used 2368K [0x00000000d5580000, 0x00000000d7100000, 0x0000000100000000)
  eden space 20480K, 0% used [0x00000000d5580000,0x00000000d5580000,0x00000000d6980000)
  from space 2560K, 92% used [0x00000000d6c00000,0x00000000d6e50000,0x00000000d6e80000)
  to   space 2560K, 0% used [0x00000000d6e80000,0x00000000d6e80000,0x00000000d7100000)
 ParOldGen       total 68608K, used 60790K [0x0000000080000000, 0x0000000084300000, 0x00000000d5580000)
  object space 68608K, 88% used [0x0000000080000000,0x0000000083b5db90,0x0000000084300000)
 Metaspace       used 58498K, committed 59776K, reserved 1114112K
  class space    used 6194K, committed 6784K, reserved 1048576K
}
Event: 73.275 GC heap before
{Heap before GC invocations=40 (full 3):
 PSYoungGen      total 23040K, used 2368K [0x00000000d5580000, 0x00000000d7100000, 0x0000000100000000)
  eden space 20480K, 0% used [0x00000000d5580000,0x00000000d5580000,0x00000000d6980000)
  from space 2560K, 92% used [0x00000000d6c00000,0x00000000d6e50000,0x00000000d6e80000)
  to   space 2560K, 0% used [0x00000000d6e80000,0x00000000d6e80000,0x00000000d7100000)
 ParOldGen       total 68608K, used 60790K [0x0000000080000000, 0x0000000084300000, 0x00000000d5580000)
  object space 68608K, 88% used [0x0000000080000000,0x0000000083b5db90,0x0000000084300000)
 Metaspace       used 58498K, committed 59776K, reserved 1114112K
  class space    used 6194K, committed 6784K, reserved 1048576K
}
Event: 73.509 GC heap after
{Heap after GC invocations=40 (full 3):
 PSYoungGen      total 23040K, used 0K [0x00000000d5580000, 0x00000000d7100000, 0x0000000100000000)
  eden space 20480K, 0% used [0x00000000d5580000,0x00000000d5580000,0x00000000d6980000)
  from space 2560K, 0% used [0x00000000d6c00000,0x00000000d6c00000,0x00000000d6e80000)
  to   space 2560K, 0% used [0x00000000d6e80000,0x00000000d6e80000,0x00000000d7100000)
 ParOldGen       total 68608K, used 47875K [0x0000000080000000, 0x0000000084300000, 0x00000000d5580000)
  object space 68608K, 69% used [0x0000000080000000,0x0000000082ec0c20,0x0000000084300000)
 Metaspace       used 58498K, committed 59776K, reserved 1114112K
  class space    used 6194K, committed 6784K, reserved 1048576K
}
Event: 76.816 GC heap before
{Heap before GC invocations=41 (full 3):
 PSYoungGen      total 23040K, used 20480K [0x00000000d5580000, 0x00000000d7100000, 0x0000000100000000)
  eden space 20480K, 100% used [0x00000000d5580000,0x00000000d6980000,0x00000000d6980000)
  from space 2560K, 0% used [0x00000000d6c00000,0x00000000d6c00000,0x00000000d6e80000)
  to   space 2560K, 0% used [0x00000000d6e80000,0x00000000d6e80000,0x00000000d7100000)
 ParOldGen       total 68608K, used 47875K [0x0000000080000000, 0x0000000084300000, 0x00000000d5580000)
  object space 68608K, 69% used [0x0000000080000000,0x0000000082ec0c20,0x0000000084300000)
 Metaspace       used 58647K, committed 59968K, reserved 1114112K
  class space    used 6197K, committed 6784K, reserved 1048576K
}
Event: 76.821 GC heap after
{Heap after GC invocations=41 (full 3):
 PSYoungGen      total 23040K, used 2555K [0x00000000d5580000, 0x00000000d7100000, 0x0000000100000000)
  eden space 20480K, 0% used [0x00000000d5580000,0x00000000d5580000,0x00000000d6980000)
  from space 2560K, 99% used [0x00000000d6e80000,0x00000000d70fec08,0x00000000d7100000)
  to   space 3584K, 0% used [0x00000000d6a00000,0x00000000d6a00000,0x00000000d6d80000)
 ParOldGen       total 68608K, used 48267K [0x0000000080000000, 0x0000000084300000, 0x00000000d5580000)
  object space 68608K, 70% used [0x0000000080000000,0x0000000082f22c20,0x0000000084300000)
 Metaspace       used 58647K, committed 59968K, reserved 1114112K
  class space    used 6197K, committed 6784K, reserved 1048576K
}
Event: 78.319 GC heap before
{Heap before GC invocations=42 (full 3):
 PSYoungGen      total 23040K, used 23035K [0x00000000d5580000, 0x00000000d7100000, 0x0000000100000000)
  eden space 20480K, 100% used [0x00000000d5580000,0x00000000d6980000,0x00000000d6980000)
  from space 2560K, 99% used [0x00000000d6e80000,0x00000000d70fec08,0x00000000d7100000)
  to   space 3584K, 0% used [0x00000000d6a00000,0x00000000d6a00000,0x00000000d6d80000)
 ParOldGen       total 68608K, used 48267K [0x0000000080000000, 0x0000000084300000, 0x00000000d5580000)
  object space 68608K, 70% used [0x0000000080000000,0x0000000082f22c20,0x0000000084300000)
 Metaspace       used 58907K, committed 60288K, reserved 1114112K
  class space    used 6199K, committed 6784K, reserved 1048576K
}
Event: 78.326 GC heap after
{Heap after GC invocations=42 (full 3):
 PSYoungGen      total 22016K, used 1440K [0x00000000d5580000, 0x00000000d6f00000, 0x0000000100000000)
  eden space 20480K, 0% used [0x00000000d5580000,0x00000000d5580000,0x00000000d6980000)
  from space 1536K, 93% used [0x00000000d6a00000,0x00000000d6b68000,0x00000000d6b80000)
  to   space 2048K, 0% used [0x00000000d6d00000,0x00000000d6d00000,0x00000000d6f00000)
 ParOldGen       total 68608K, used 50430K [0x0000000080000000, 0x0000000084300000, 0x00000000d5580000)
  object space 68608K, 73% used [0x0000000080000000,0x000000008313f960,0x0000000084300000)
 Metaspace       used 58907K, committed 60288K, reserved 1114112K
  class space    used 6199K, committed 6784K, reserved 1048576K
}

