# JRE version: OpenJDK Runtime Environment Temurin-21.0.10+7 (21.0.10+7) (build 21.0.10+7-LTS)
# Java VM: OpenJDK 64-Bit Server VM Temurin-21.0.10+7 (21.0.10+7-LTS, mixed mode, sharing, tiered, compressed oops, compressed class ptrs, parallel gc, windows-amd64)
GC Precious Log:
 CardTable entry size: 512
 CPUs: 4 total, 4 available
 Memory: 12180M
 Large Page Support: Disabled
 NUMA Support: Disabled
 Compressed Oops: Enabled (32-bit)
 Alignments: Space 512K, Generation 512K, Heap 2M
 Heap Min Capacity: 100M
 Heap Initial Capacity: 100M
 Heap Max Capacity: 2G
 Pre-touch: Disabled
 Parallel Workers: 4
Heap:
 PSYoungGen      total 4096K, used 3616K [0x00000000d5580000, 0x00000000d5b80000, 0x0000000100000000)
  eden space 2048K, 100% used [0x00000000d5580000,0x00000000d5780000,0x00000000d5780000)
  from space 2048K, 76% used [0x00000000d5780000,0x00000000d59082e8,0x00000000d5980000)
  to   space 2048K, 15% used [0x00000000d5980000,0x00000000d59d0020,0x00000000d5b80000)
 ParOldGen       total 1052160K, used 1052153K [0x0000000080000000, 0x00000000c0380000, 0x00000000d5580000)
  object space 1052160K, 99% used [0x0000000080000000,0x00000000c037e5a8,0x00000000c0380000)
 Metaspace       used 94995K, committed 96832K, reserved 1179648K
  class space    used 9662K, committed 10496K, reserved 1048576K
GC Heap History (20 events):
Event: 9045.625 GC heap before
{Heap before GC invocations=5093 (full 6):
 PSYoungGen      total 3584K, used 3535K [0x00000000d5580000, 0x00000000d5d80000, 0x0000000100000000)
  eden space 2048K, 97% used [0x00000000d5580000,0x00000000d5773e50,0x00000000d5780000)
  from space 1536K, 99% used [0x00000000d5780000,0x00000000d58ffed8,0x00000000d5900000)
  to   space 3072K, 0% used [0x00000000d5a80000,0x00000000d5a80000,0x00000000d5d80000)
 ParOldGen       total 1040896K, used 1040628K [0x0000000080000000, 0x00000000bf880000, 0x00000000d5580000)
  object space 1040896K, 99% used [0x0000000080000000,0x00000000bf83d1d0,0x00000000bf880000)
 Metaspace       used 94978K, committed 96832K, reserved 1179648K
  class space    used 9661K, committed 10496K, reserved 1048576K
}
Event: 9045.631 GC heap after
{Heap after GC invocations=5093 (full 6):
 PSYoungGen      total 4096K, used 1864K [0x00000000d5580000, 0x00000000d5c80000, 0x0000000100000000)
  eden space 2048K, 0% used [0x00000000d5580000,0x00000000d5580000,0x00000000d5780000)
  from space 2048K, 91% used [0x00000000d5a80000,0x00000000d5c52268,0x00000000d5c80000)
  to   space 2560K, 0% used [0x00000000d5780000,0x00000000d5780000,0x00000000d5a00000)
 ParOldGen       total 1042432K, used 1042172K [0x0000000080000000, 0x00000000bfa00000, 0x00000000d5580000)
  object space 1042432K, 99% used [0x0000000080000000,0x00000000bf9bf1d8,0x00000000bfa00000)
 Metaspace       used 94978K, committed 96832K, reserved 1179648K
  class space    used 9661K, committed 10496K, reserved 1048576K
}
Event: 9045.713 GC heap before
{Heap before GC invocations=5094 (full 6):
 PSYoungGen      total 4096K, used 3911K [0x00000000d5580000, 0x00000000d5c80000, 0x0000000100000000)
  eden space 2048K, 99% used [0x00000000d5580000,0x00000000d577fb38,0x00000000d5780000)
  from space 2048K, 91% used [0x00000000d5a80000,0x00000000d5c52268,0x00000000d5c80000)
  to   space 2560K, 0% used [0x00000000d5780000,0x00000000d5780000,0x00000000d5a00000)
 ParOldGen       total 1042432K, used 1042172K [0x0000000080000000, 0x00000000bfa00000, 0x00000000d5580000)
  object space 1042432K, 99% used [0x0000000080000000,0x00000000bf9bf1d8,0x00000000bfa00000)
 Metaspace       used 94978K, committed 96832K, reserved 1179648K
  class space    used 9661K, committed 10496K, reserved 1048576K
}
Event: 9045.718 GC heap after
{Heap after GC invocations=5094 (full 6):
 PSYoungGen      total 3584K, used 1348K [0x00000000d5580000, 0x00000000d5b80000, 0x0000000100000000)
  eden space 2048K, 0% used [0x00000000d5580000,0x00000000d5580000,0x00000000d5780000)
  from space 1536K, 87% used [0x00000000d5780000,0x00000000d58d1380,0x00000000d5900000)
  to   space 2048K, 0% used [0x00000000d5980000,0x00000000d5980000,0x00000000d5b80000)
 ParOldGen       total 1044480K, used 1043978K [0x0000000080000000, 0x00000000bfc00000, 0x00000000d5580000)
  object space 1044480K, 99% used [0x0000000080000000,0x00000000bfb82a28,0x00000000bfc00000)
 Metaspace       used 94978K, committed 96832K, reserved 1179648K
  class space    used 9661K, committed 10496K, reserved 1048576K
}
Event: 9045.740 GC heap before
{Heap before GC invocations=5095 (full 6):
 PSYoungGen      total 3584K, used 3396K [0x00000000d5580000, 0x00000000d5b80000, 0x0000000100000000)
  eden space 2048K, 100% used [0x00000000d5580000,0x00000000d5780000,0x00000000d5780000)
  from space 1536K, 87% used [0x00000000d5780000,0x00000000d58d1380,0x00000000d5900000)
  to   space 2048K, 0% used [0x00000000d5980000,0x00000000d5980000,0x00000000d5b80000)
 ParOldGen       total 1044480K, used 1043978K [0x0000000080000000, 0x00000000bfc00000, 0x00000000d5580000)
  object space 1044480K, 99% used [0x0000000080000000,0x00000000bfb82a28,0x00000000bfc00000)
 Metaspace       used 94978K, committed 96832K, reserved 1179648K
  class space    used 9661K, committed 10496K, reserved 1048576K
}
Event: 9045.749 GC heap after
{Heap after GC invocations=5095 (full 6):
 PSYoungGen      total 2560K, used 449K [0x00000000d5580000, 0x00000000d5a00000, 0x0000000100000000)
  eden space 2048K, 0% used [0x00000000d5580000,0x00000000d5580000,0x00000000d5780000)
  from space 512K, 87% used [0x00000000d5980000,0x00000000d59f0728,0x00000000d5a00000)
  to   space 1024K, 0% used [0x00000000d5800000,0x00000000d5800000,0x00000000d5900000)
 ParOldGen       total 1045504K, used 1045281K [0x0000000080000000, 0x00000000bfd00000, 0x00000000d5580000)
  object space 1045504K, 99% used [0x0000000080000000,0x00000000bfcc84b8,0x00000000bfd00000)
 Metaspace       used 94978K, committed 96832K, reserved 1179648K
  class space    used 9661K, committed 10496K, reserved 1048576K
}
Event: 9045.869 GC heap before
{Heap before GC invocations=5096 (full 6):
 PSYoungGen      total 2560K, used 2497K [0x00000000d5580000, 0x00000000d5a00000, 0x0000000100000000)
  eden space 2048K, 99% used [0x00000000d5580000,0x00000000d577fff8,0x00000000d5780000)
  from space 512K, 87% used [0x00000000d5980000,0x00000000d59f0728,0x00000000d5a00000)
  to   space 1024K, 0% used [0x00000000d5800000,0x00000000d5800000,0x00000000d5900000)
 ParOldGen       total 1045504K, used 1045281K [0x0000000080000000, 0x00000000bfd00000, 0x00000000d5580000)
  object space 1045504K, 99% used [0x0000000080000000,0x00000000bfcc84b8,0x00000000bfd00000)
 Metaspace       used 94983K, committed 96832K, reserved 1179648K
  class space    used 9661K, committed 10496K, reserved 1048576K
}
Event: 9045.877 GC heap after
{Heap after GC invocations=5096 (full 6):
 PSYoungGen      total 3072K, used 544K [0x00000000d5580000, 0x00000000d5a00000, 0x0000000100000000)
  eden space 2048K, 0% used [0x00000000d5580000,0x00000000d5580000,0x00000000d5780000)
  from space 1024K, 53% used [0x00000000d5800000,0x00000000d5888020,0x00000000d5900000)
  to   space 1024K, 0% used [0x00000000d5900000,0x00000000d5900000,0x00000000d5a00000)
 ParOldGen       total 1046016K, used 1045529K [0x0000000080000000, 0x00000000bfd80000, 0x00000000d5580000)
  object space 1046016K, 99% used [0x0000000080000000,0x00000000bfd064b8,0x00000000bfd80000)
 Metaspace       used 94983K, committed 96832K, reserved 1179648K
  class space    used 9661K, committed 10496K, reserved 1048576K
}
Event: 9046.221 GC heap before
{Heap before GC invocations=5097 (full 6):
 PSYoungGen      total 3072K, used 2592K [0x00000000d5580000, 0x00000000d5a00000, 0x0000000100000000)
  eden space 2048K, 100% used [0x00000000d5580000,0x00000000d5780000,0x00000000d5780000)
  from space 1024K, 53% used [0x00000000d5800000,0x00000000d5888020,0x00000000d5900000)
  to   space 1024K, 0% used [0x00000000d5900000,0x00000000d5900000,0x00000000d5a00000)
 ParOldGen       total 1046016K, used 1045529K [0x0000000080000000, 0x00000000bfd80000, 0x00000000d5580000)
  object space 1046016K, 99% used [0x0000000080000000,0x00000000bfd064b8,0x00000000bfd80000)
 Metaspace       used 94989K, committed 96832K, reserved 1179648K
  class space    used 9662K, committed 10496K, reserved 1048576K
}
Event: 9046.227 GC heap after
{Heap after GC invocations=5097 (full 6):
 PSYoungGen      total 2560K, used 128K [0x00000000d5580000, 0x00000000d5980000, 0x0000000100000000)
  eden space 2048K, 0% used [0x00000000d5580000,0x00000000d5580000,0x00000000d5780000)
  from space 512K, 25% used [0x00000000d5900000,0x00000000d5920000,0x00000000d5980000)
  to   space 512K, 0% used [0x00000000d5880000,0x00000000d5880000,0x00000000d5900000)
 ParOldGen       total 1046016K, used 1045963K [0x0000000080000000, 0x00000000bfd80000, 0x00000000d5580000)
  object space 1046016K, 99% used [0x0000000080000000,0x00000000bfd72f58,0x00000000bfd80000)
 Metaspace       used 94989K, committed 96832K, reserved 1179648K
  class space    used 9662K, committed 10496K, reserved 1048576K
}
Event: 9046.441 GC heap before
{Heap before GC invocations=5098 (full 6):
 PSYoungGen      total 2560K, used 2176K [0x00000000d5580000, 0x00000000d5980000, 0x0000000100000000)
  eden space 2048K, 100% used [0x00000000d5580000,0x00000000d5780000,0x00000000d5780000)
  from space 512K, 25% used [0x00000000d5900000,0x00000000d5920000,0x00000000d5980000)
  to   space 512K, 0% used [0x00000000d5880000,0x00000000d5880000,0x00000000d5900000)
 ParOldGen       total 1046016K, used 1045963K [0x0000000080000000, 0x00000000bfd80000, 0x00000000d5580000)
  object space 1046016K, 99% used [0x0000000080000000,0x00000000bfd72f58,0x00000000bfd80000)
 Metaspace       used 94992K, committed 96832K, reserved 1179648K
  class space    used 9662K, committed 10496K, reserved 1048576K
}
Event: 9046.447 GC heap after
{Heap after GC invocations=5098 (full 6):
 PSYoungGen      total 2560K, used 288K [0x00000000d5580000, 0x00000000d5980000, 0x0000000100000000)
  eden space 2048K, 0% used [0x00000000d5580000,0x00000000d5580000,0x00000000d5780000)
  from space 512K, 56% used [0x00000000d5880000,0x00000000d58c8040,0x00000000d5900000)
  to   space 512K, 0% used [0x00000000d5900000,0x00000000d5900000,0x00000000d5980000)
 ParOldGen       total 1046528K, used 1046048K [0x0000000080000000, 0x00000000bfe00000, 0x00000000d5580000)
  object space 1046528K, 99% used [0x0000000080000000,0x00000000bfd88280,0x00000000bfe00000)
 Metaspace       used 94992K, committed 96832K, reserved 1179648K
  class space    used 9662K, committed 10496K, reserved 1048576K
}
Event: 9046.872 GC heap before
{Heap before GC invocations=5099 (full 6):
 PSYoungGen      total 2560K, used 2330K [0x00000000d5580000, 0x00000000d5980000, 0x0000000100000000)
  eden space 2048K, 99% used [0x00000000d5580000,0x00000000d577e9e0,0x00000000d5780000)
  from space 512K, 56% used [0x00000000d5880000,0x00000000d58c8040,0x00000000d5900000)
  to   space 512K, 0% used [0x00000000d5900000,0x00000000d5900000,0x00000000d5980000)
 ParOldGen       total 1046528K, used 1046048K [0x0000000080000000, 0x00000000bfe00000, 0x00000000d5580000)
  object space 1046528K, 99% used [0x0000000080000000,0x00000000bfd88280,0x00000000bfe00000)
 Metaspace       used 94993K, committed 96832K, reserved 1179648K
  class space    used 9662K, committed 10496K, reserved 1048576K
}
Event: 9046.876 GC heap after
{Heap after GC invocations=5099 (full 6):
 PSYoungGen      total 2560K, used 503K [0x00000000d5580000, 0x00000000d5a80000, 0x0000000100000000)
  eden space 2048K, 0% used [0x00000000d5580000,0x00000000d5580000,0x00000000d5780000)
  from space 512K, 98% used [0x00000000d5900000,0x00000000d597dc48,0x00000000d5980000)
  to   space 1536K, 0% used [0x00000000d5780000,0x00000000d5780000,0x00000000d5900000)
 ParOldGen       total 1047040K, used 1046607K [0x0000000080000000, 0x00000000bfe80000, 0x00000000d5580000)
  object space 1047040K, 99% used [0x0000000080000000,0x00000000bfe13f70,0x00000000bfe80000)
 Metaspace       used 94993K, committed 96832K, reserved 1179648K
  class space    used 9662K, committed 10496K, reserved 1048576K
}
Event: 9046.945 GC heap before
{Heap before GC invocations=5100 (full 6):
 PSYoungGen      total 2560K, used 2535K [0x00000000d5580000, 0x00000000d5a80000, 0x0000000100000000)
  eden space 2048K, 99% used [0x00000000d5580000,0x00000000d577c060,0x00000000d5780000)
  from space 512K, 98% used [0x00000000d5900000,0x00000000d597dc48,0x00000000d5980000)
  to   space 1536K, 0% used [0x00000000d5780000,0x00000000d5780000,0x00000000d5900000)
 ParOldGen       total 1047040K, used 1046607K [0x0000000080000000, 0x00000000bfe80000, 0x00000000d5580000)
  object space 1047040K, 99% used [0x0000000080000000,0x00000000bfe13f70,0x00000000bfe80000)
 Metaspace       used 94993K, committed 96832K, reserved 1179648K
  class space    used 9662K, committed 10496K, reserved 1048576K
}
Event: 9046.951 GC heap after
{Heap after GC invocations=5100 (full 6):
 PSYoungGen      total 3584K, used 1530K [0x00000000d5580000, 0x00000000d5c80000, 0x0000000100000000)
  eden space 2048K, 0% used [0x00000000d5580000,0x00000000d5580000,0x00000000d5780000)
  from space 1536K, 99% used [0x00000000d5780000,0x00000000d58fea18,0x00000000d5900000)
  to   space 2560K, 0% used [0x00000000d5a00000,0x00000000d5a00000,0x00000000d5c80000)
 ParOldGen       total 1047552K, used 1047375K [0x0000000080000000, 0x00000000bff00000, 0x00000000d5580000)
  object space 1047552K, 99% used [0x0000000080000000,0x00000000bfed3e00,0x00000000bff00000)
 Metaspace       used 94993K, committed 96832K, reserved 1179648K
  class space    used 9662K, committed 10496K, reserved 1048576K
}
Event: 9047.024 GC heap before
{Heap before GC invocations=5101 (full 6):
 PSYoungGen      total 3584K, used 3577K [0x00000000d5580000, 0x00000000d5c80000, 0x0000000100000000)
  eden space 2048K, 99% used [0x00000000d5580000,0x00000000d577fa10,0x00000000d5780000)
  from space 1536K, 99% used [0x00000000d5780000,0x00000000d58fea18,0x00000000d5900000)
  to   space 2560K, 0% used [0x00000000d5a00000,0x00000000d5a00000,0x00000000d5c80000)
 ParOldGen       total 1047552K, used 1047375K [0x0000000080000000, 0x00000000bff00000, 0x00000000d5580000)
  object space 1047552K, 99% used [0x0000000080000000,0x00000000bfed3e00,0x00000000bff00000)
 Metaspace       used 94993K, committed 96832K, reserved 1179648K
  class space    used 9662K, committed 10496K, reserved 1048576K
}
Event: 9047.030 GC heap after
{Heap after GC invocations=5101 (full 6):
 PSYoungGen      total 4608K, used 1974K [0x00000000d5580000, 0x00000000d5c80000, 0x0000000100000000)
  eden space 2048K, 0% used [0x00000000d5580000,0x00000000d5580000,0x00000000d5780000)
  from space 2560K, 77% used [0x00000000d5a00000,0x00000000d5bed850,0x00000000d5c80000)
  to   space 2560K, 0% used [0x00000000d5780000,0x00000000d5780000,0x00000000d5a00000)
 ParOldGen       total 1049088K, used 1048902K [0x0000000080000000, 0x00000000c0080000, 0x00000000d5580000)
  object space 1049088K, 99% used [0x0000000080000000,0x00000000c0051898,0x00000000c0080000)
 Metaspace       used 94993K, committed 96832K, reserved 1179648K
  class space    used 9662K, committed 10496K, reserved 1048576K
}
Event: 9047.100 GC heap before
{Heap before GC invocations=5102 (full 6):
 PSYoungGen      total 4608K, used 4022K [0x00000000d5580000, 0x00000000d5c80000, 0x0000000100000000)
  eden space 2048K, 100% used [0x00000000d5580000,0x00000000d5780000,0x00000000d5780000)
  from space 2560K, 77% used [0x00000000d5a00000,0x00000000d5bed850,0x00000000d5c80000)
  to   space 2560K, 0% used [0x00000000d5780000,0x00000000d5780000,0x00000000d5a00000)
 ParOldGen       total 1049088K, used 1048902K [0x0000000080000000, 0x00000000c0080000, 0x00000000d5580000)
  object space 1049088K, 99% used [0x0000000080000000,0x00000000c0051898,0x00000000c0080000)
 Metaspace       used 94994K, committed 96832K, reserved 1179648K
  class space    used 9662K, committed 10496K, reserved 1048576K
}
Event: 9047.109 GC heap after
{Heap after GC invocations=5102 (full 6):
 PSYoungGen      total 4096K, used 1568K [0x00000000d5580000, 0x00000000d5b80000, 0x0000000100000000)
  eden space 2048K, 0% used [0x00000000d5580000,0x00000000d5580000,0x00000000d5780000)
  from space 2048K, 76% used [0x00000000d5780000,0x00000000d59082e8,0x00000000d5980000)
  to   space 2048K, 0% used [0x00000000d5980000,0x00000000d5980000,0x00000000d5b80000)
 ParOldGen       total 1051136K, used 1050840K [0x0000000080000000, 0x00000000c0280000, 0x00000000d5580000)
  object space 1051136K, 99% used [0x0000000080000000,0x00000000c02363a0,0x00000000c0280000)
 Metaspace       used 94994K, committed 96832K, reserved 1179648K
  class space    used 9662K, committed 10496K, reserved 1048576K
}

